0 info it worked if it ends with ok
1 verbose cli [ 'C:\\Program Files (x86)\\Nodist\\v-x64\\9.8.0\\node.exe',
1 verbose cli   'C:\\Program Files (x86)\\Nodist\\npmv\\4.0.5\\bin\\npm-cli.js',
1 verbose cli   'start' ]
2 info using npm@4.0.5
3 info using node@v9.8.0
4 verbose run-script [ 'prestart', 'start', 'poststart' ]
5 info lifecycle DodontoFNodeServer@0.0.1~prestart: DodontoFNodeServer@0.0.1
6 warn lifecycle The node binary used for scripts is C:\Program Files (x86)\Nodist\bin\node.exe but npm is using C:\Program Files (x86)\Nodist\v-x64\9.8.0\node.exe itself. Use the `--scripts-prepend-node-path` option to include the path for the node binary npm was executed with.
7 silly lifecycle DodontoFNodeServer@0.0.1~prestart: no script for prestart, continuing
8 info lifecycle DodontoFNodeServer@0.0.1~start: DodontoFNodeServer@0.0.1
9 verbose lifecycle DodontoFNodeServer@0.0.1~start: unsafe-perm in lifecycle true
10 verbose lifecycle DodontoFNodeServer@0.0.1~start: PATH: C:\Program Files (x86)\Nodist\npmv\4.0.5\bin\node-gyp-bin;C:\node\DodontoFNodeServer\node_modules\.bin;C:\Python27\;C:\Python27\Scripts;C:\Python36\Scripts\;C:\Python36\;C:\Program Files\Common Files\Microsoft Shared\Windows Live;C:\Program Files (x86)\Common Files\Microsoft Shared\Windows Live;C:\Program Files (x86)\Intel\iCLS Client\;C:\Program Files\Intel\iCLS Client\;C:\Windows\system32;C:\Windows;C:\Windows\System32\Wbem;C:\Windows\System32\WindowsPowerShell\v1.0\;C:\Program Files (x86)\Intel\Intel(R) Management Engine Components\DAL;C:\Program Files\Intel\Intel(R) Management Engine Components\DAL;C:\Program Files (x86)\Intel\Intel(R) Management Engine Components\IPT;C:\Program Files\Intel\Intel(R) Management Engine Components\IPT;C:\Program Files\Intel\WiFi\bin\;C:\Program Files\Common Files\Intel\WirelessCommon\;C:\Program Files (x86)\Windows Live\Shared;c:\php;C:\Program Files\Git\cmd;C:\ProgramData\chocolatey\bin;c:\Program Files (x86)\Microsoft SQL Server\100\Tools\Binn\;c:\Program Files\Microsoft SQL Server\100\Tools\Binn\;c:\Program Files\Microsoft SQL Server\100\DTS\Binn\;C:\Program Files (x86)\Nodist\bin;C:\Ruby193\bin;C:\Ruby23\bin;C:\Users\michie\.rbenv-win\bin;C:\Users\michie\.rbenv-win\shims;C:\Users\michie\.rbenv-win\bin;C:\Users\michie\.rbenv-win\shims;C:\Program Files\Common Files\Microsoft Shared\Windows Live;C:\Program Files (x86)\Common Files\Microsoft Shared\Windows Live;C:\Program Files (x86)\Intel\iCLS Client\;C:\Program Files\Intel\iCLS Client\;C:\Windows\system32;C:\Windows;C:\Windows\System32\Wbem;C:\Windows\System32\WindowsPowerShell\v1.0\;C:\Program Files (x86)\Intel\Intel(R) Management Engine Components\DAL;C:\Program Files\Intel\Intel(R) Management Engine Components\DAL;C:\Program Files (x86)\Intel\Intel(R) Management Engine Components\IPT;C:\Program Files\Intel\Intel(R) Management Engine Components\IPT;C:\Program Files\Intel\WiFi\bin\;C:\Program Files\Common Files\Intel\WirelessCommon\;C:\Program Files (x86)\Windows Live\Shared;c:\php;C:\Users\michie\Documents\git\rbenv-win\bin;C:\Users\michie\Documents\git\rbenv-win\shims;C:\Users\michie\AppData\Local\Google\Cloud SDK\google-cloud-sdk\bin
11 verbose lifecycle DodontoFNodeServer@0.0.1~start: CWD: C:\node\DodontoFNodeServer
12 silly lifecycle DodontoFNodeServer@0.0.1~start: Args: [ '/d /s /c', 'node index.js' ]
13 silly lifecycle DodontoFNodeServer@0.0.1~start: Returned: code: 1  signal: null
14 info lifecycle DodontoFNodeServer@0.0.1~start: Failed to exec start script
15 verbose stack Error: DodontoFNodeServer@0.0.1 start: `node index.js`
15 verbose stack Exit status 1
15 verbose stack     at EventEmitter.<anonymous> (C:\Program Files (x86)\Nodist\npmv\4.0.5\lib\utils\lifecycle.js:279:16)
15 verbose stack     at EventEmitter.emit (events.js:180:13)
15 verbose stack     at ChildProcess.<anonymous> (C:\Program Files (x86)\Nodist\npmv\4.0.5\lib\utils\spawn.js:40:14)
15 verbose stack     at ChildProcess.emit (events.js:180:13)
15 verbose stack     at maybeClose (internal/child_process.js:936:16)
15 verbose stack     at Process.ChildProcess._handle.onexit (internal/child_process.js:220:5)
16 verbose pkgid DodontoFNodeServer@0.0.1
17 verbose cwd C:\node\DodontoFNodeServer
18 error Windows_NT 6.1.7601
19 error argv "C:\\Program Files (x86)\\Nodist\\v-x64\\9.8.0\\node.exe" "C:\\Program Files (x86)\\Nodist\\npmv\\4.0.5\\bin\\npm-cli.js" "start"
20 error node v9.8.0
21 error npm  v4.0.5
22 error code ELIFECYCLE
23 error DodontoFNodeServer@0.0.1 start: `node index.js`
23 error Exit status 1
24 error Failed at the DodontoFNodeServer@0.0.1 start script 'node index.js'.
24 error Make sure you have the latest version of node.js and npm installed.
24 error If you do, this is most likely a problem with the DodontoFNodeServer package,
24 error not with npm itself.
24 error Tell the author that this fails on your system:
24 error     node index.js
24 error You can get information on how to open an issue for this project with:
24 error     npm bugs DodontoFNodeServer
24 error Or if that isn't available, you can get their info via:
24 error     npm owner ls DodontoFNodeServer
24 error There is likely additional logging output above.
25 verbose exit [ 1, true ]
